2022-11-09 14:10:30,027 INFO o.a.j.u.JMeterUtils: Setting Locale to en_US
2022-11-09 14:10:30,041 INFO o.a.j.JMeter: Loading user properties from: user.properties
2022-11-09 14:10:30,041 INFO o.a.j.JMeter: Loading system properties from: system.properties
2022-11-09 14:10:30,045 INFO o.a.j.JMeter: Copyright (c) 1998-2022 The Apache Software Foundation
2022-11-09 14:10:30,045 INFO o.a.j.JMeter: Version 5.5
2022-11-09 14:10:30,045 INFO o.a.j.JMeter: java.version=18.0.1.1
2022-11-09 14:10:30,045 INFO o.a.j.JMeter: java.vm.name=Java HotSpot(TM) 64-Bit Server VM
2022-11-09 14:10:30,045 INFO o.a.j.JMeter: os.name=Windows 11
2022-11-09 14:10:30,045 INFO o.a.j.JMeter: os.arch=amd64
2022-11-09 14:10:30,045 INFO o.a.j.JMeter: os.version=10.0
2022-11-09 14:10:30,045 INFO o.a.j.JMeter: file.encoding=UTF-8
2022-11-09 14:10:30,046 INFO o.a.j.JMeter: java.awt.headless=null
2022-11-09 14:10:30,046 INFO o.a.j.JMeter: Max memory     =8518631424
2022-11-09 14:10:30,046 INFO o.a.j.JMeter: Available Processors =16
2022-11-09 14:10:30,051 INFO o.a.j.JMeter: Default Locale=English (United States)
2022-11-09 14:10:30,051 INFO o.a.j.JMeter: JMeter  Locale=English (United States)
2022-11-09 14:10:30,051 INFO o.a.j.JMeter: JMeterHome=C:\Users\senol\gitrepository\apache-jmeter-5.5
2022-11-09 14:10:30,051 INFO o.a.j.JMeter: user.dir  =C:\Users\senol\gitrepository\apache-jmeter-5.5\bin
2022-11-09 14:10:30,051 INFO o.a.j.JMeter: PWD       =C:\Users\senol\gitrepository\apache-jmeter-5.5\bin
2022-11-09 14:10:30,082 INFO o.a.j.JMeter: IP: 192.168.68.103 Name: QAVergeAg FullName: 192.168.68.103
2022-11-09 14:10:30,090 INFO o.a.j.JMeter: Loaded icon properties from org/apache/jmeter/images/icon.properties
2022-11-09 14:10:30,200 INFO o.a.j.JMeterGuiLauncher: Setting LAF to: com.github.weisj.darklaf.DarkLaf:com.github.weisj.darklaf.theme.DarculaTheme
2022-11-09 14:11:05,562 INFO o.a.j.s.FileServer: Default base='C:\Users\senol\gitrepository\apache-jmeter-5.5\bin'
2022-11-09 14:11:05,563 INFO o.a.j.g.a.Load: Loading file: C:\Users\senol\Downloads\verge-new-guidance.jmx
2022-11-09 14:11:05,563 INFO o.a.j.s.FileServer: Set new base='C:\Users\senol\Downloads'
2022-11-09 14:11:05,672 INFO o.a.j.s.SaveService: Testplan (JMX) version: 2.2. Testlog (JTL) version: 2.2
2022-11-09 14:11:05,685 INFO o.a.j.s.SaveService: Using SaveService properties version 5.0
2022-11-09 14:11:05,686 INFO o.a.j.s.SaveService: Using SaveService properties file encoding UTF-8
2022-11-09 14:11:05,688 INFO o.a.j.s.SaveService: Loading file: C:\Users\senol\Downloads\verge-new-guidance.jmx
2022-11-09 14:11:05,705 INFO o.a.j.p.h.c.CookieManager: Settings: Delete null: true Check: true Allow variable: true Save: false Prefix: COOKIE_
2022-11-09 14:11:05,706 INFO o.a.j.p.h.c.CacheManager: Will only cache the following methods: [GET]
2022-11-09 14:11:05,711 INFO o.a.j.p.h.s.HTTPSamplerBase: Parser for text/html is org.apache.jmeter.protocol.http.parser.LagartoBasedHtmlParser
2022-11-09 14:11:05,711 INFO o.a.j.p.h.s.HTTPSamplerBase: Parser for application/xhtml+xml is org.apache.jmeter.protocol.http.parser.LagartoBasedHtmlParser
2022-11-09 14:11:05,711 INFO o.a.j.p.h.s.HTTPSamplerBase: Parser for application/xml is org.apache.jmeter.protocol.http.parser.LagartoBasedHtmlParser
2022-11-09 14:11:05,711 INFO o.a.j.p.h.s.HTTPSamplerBase: Parser for text/xml is org.apache.jmeter.protocol.http.parser.LagartoBasedHtmlParser
2022-11-09 14:11:05,711 INFO o.a.j.p.h.s.HTTPSamplerBase: Parser for text/vnd.wap.wml is org.apache.jmeter.protocol.http.parser.RegexpHTMLParser
2022-11-09 14:11:05,711 INFO o.a.j.p.h.s.HTTPSamplerBase: Parser for text/css is org.apache.jmeter.protocol.http.parser.CssParser
2022-11-09 14:11:05,885 INFO o.a.j.s.FileServer: Set new base='C:\Users\senol\Downloads'
2022-11-09 14:11:23,771 INFO o.a.j.e.StandardJMeterEngine: Running the test!
2022-11-09 14:11:23,772 INFO o.a.j.s.SampleEvent: List of sample_variables: []
2022-11-09 14:11:23,772 INFO o.a.j.s.SampleEvent: List of sample_variables: []
2022-11-09 14:11:23,772 INFO o.a.j.e.u.CompoundVariable: Note: Function class names must contain the string: '.functions.'
2022-11-09 14:11:23,772 INFO o.a.j.e.u.CompoundVariable: Note: Function class names must not contain the string: '.gui.'
2022-11-09 14:11:23,794 INFO o.a.j.g.u.JMeterMenuBar: setRunning(true, *local*)
2022-11-09 14:11:23,828 INFO o.a.j.e.StandardJMeterEngine: Starting ThreadGroup: 1 : Thread Group
2022-11-09 14:11:23,828 INFO o.a.j.e.StandardJMeterEngine: Starting 1 threads for group Thread Group.
2022-11-09 14:11:23,828 INFO o.a.j.e.StandardJMeterEngine: Thread will continue on error
2022-11-09 14:11:23,829 INFO o.a.j.t.ThreadGroup: Starting thread group... number=1 threads=1 ramp-up=1 delayedStart=false
2022-11-09 14:11:23,831 INFO o.a.j.t.ThreadGroup: Started thread group number 1
2022-11-09 14:11:23,831 INFO o.a.j.e.StandardJMeterEngine: All thread groups have been started
2022-11-09 14:11:23,833 INFO o.a.j.s.SampleResult: Note: Sample TimeStamps are START times
2022-11-09 14:11:23,833 INFO o.a.j.s.SampleResult: sampleresult.default.encoding is set to ISO-8859-1
2022-11-09 14:11:23,833 INFO o.a.j.s.SampleResult: sampleresult.useNanoTime=true
2022-11-09 14:11:23,833 INFO o.a.j.s.SampleResult: sampleresult.nanoThreadSleep=5000
2022-11-09 14:11:23,833 INFO o.a.j.t.JMeterThread: Thread started: Thread Group 1-1
2022-11-09 14:11:23,840 INFO o.a.j.p.h.s.HTTPHCAbstractImpl: Local host = QAVergeAg
2022-11-09 14:11:23,842 INFO o.a.j.p.h.s.HTTPHC4Impl: HTTP request retry count = 0
2022-11-09 14:11:24,041 INFO o.a.j.p.h.s.h.LazyLayeredConnectionSocketFactory: Setting up HTTPS TrustAll Socket Factory
2022-11-09 14:11:24,043 INFO o.a.j.u.JsseSSLManager: Using default SSL protocol: TLS
2022-11-09 14:11:24,043 INFO o.a.j.u.JsseSSLManager: SSL session context: per-thread
2022-11-09 14:11:24,139 INFO o.a.j.u.SSLManager: JmeterKeyStore Location:  type JKS
2022-11-09 14:11:24,142 INFO o.a.j.u.SSLManager: KeyStore created OK
2022-11-09 14:11:24,142 WARN o.a.j.u.SSLManager: Keystore file not found, loading empty keystore
2022-11-09 14:11:26,654 INFO o.a.j.t.JMeterThread: Thread is done: Thread Group 1-1
2022-11-09 14:11:26,654 INFO o.a.j.t.JMeterThread: Thread finished: Thread Group 1-1
2022-11-09 14:11:26,655 INFO o.a.j.e.StandardJMeterEngine: Notifying test listeners of end of test
2022-11-09 14:11:26,655 INFO o.a.j.g.u.JMeterMenuBar: setRunning(false, *local*)
2022-11-09 14:11:46,896 INFO o.a.j.e.StandardJMeterEngine: Running the test!
2022-11-09 14:11:46,896 INFO o.a.j.s.SampleEvent: List of sample_variables: []
2022-11-09 14:11:46,900 INFO o.a.j.g.u.JMeterMenuBar: setRunning(true, *local*)
2022-11-09 14:11:46,933 INFO o.a.j.e.StandardJMeterEngine: Starting ThreadGroup: 1 : Thread Group
2022-11-09 14:11:46,933 INFO o.a.j.e.StandardJMeterEngine: Starting 25 threads for group Thread Group.
2022-11-09 14:11:46,933 INFO o.a.j.e.StandardJMeterEngine: Thread will continue on error
2022-11-09 14:11:46,933 INFO o.a.j.t.ThreadGroup: Starting thread group... number=1 threads=25 ramp-up=1 delayedStart=false
2022-11-09 14:11:46,934 INFO o.a.j.t.JMeterThread: Thread started: Thread Group 1-1
2022-11-09 14:11:46,938 INFO o.a.j.t.ThreadGroup: Started thread group number 1
2022-11-09 14:11:46,938 INFO o.a.j.e.StandardJMeterEngine: All thread groups have been started
2022-11-09 14:11:46,984 INFO o.a.j.t.JMeterThread: Thread started: Thread Group 1-2
2022-11-09 14:11:47,015 INFO o.a.j.t.JMeterThread: Thread started: Thread Group 1-3
2022-11-09 14:11:47,055 INFO o.a.j.t.JMeterThread: Thread started: Thread Group 1-4
2022-11-09 14:11:47,096 INFO o.a.j.t.JMeterThread: Thread started: Thread Group 1-5
2022-11-09 14:11:47,135 INFO o.a.j.t.JMeterThread: Thread started: Thread Group 1-6
2022-11-09 14:11:47,173 INFO o.a.j.t.JMeterThread: Thread started: Thread Group 1-7
2022-11-09 14:11:47,215 INFO o.a.j.t.JMeterThread: Thread started: Thread Group 1-8
2022-11-09 14:11:47,255 INFO o.a.j.t.JMeterThread: Thread started: Thread Group 1-9
2022-11-09 14:11:47,294 INFO o.a.j.t.JMeterThread: Thread started: Thread Group 1-10
2022-11-09 14:11:47,322 INFO o.a.j.t.JMeterThread: Thread is done: Thread Group 1-1
2022-11-09 14:11:47,322 INFO o.a.j.t.JMeterThread: Thread finished: Thread Group 1-1
2022-11-09 14:11:47,333 INFO o.a.j.t.JMeterThread: Thread started: Thread Group 1-11
2022-11-09 14:11:47,349 INFO o.a.j.t.JMeterThread: Thread is done: Thread Group 1-2
2022-11-09 14:11:47,349 INFO o.a.j.t.JMeterThread: Thread finished: Thread Group 1-2
2022-11-09 14:11:47,376 INFO o.a.j.t.JMeterThread: Thread started: Thread Group 1-12
2022-11-09 14:11:47,415 INFO o.a.j.t.JMeterThread: Thread started: Thread Group 1-13
2022-11-09 14:11:47,454 INFO o.a.j.t.JMeterThread: Thread started: Thread Group 1-14
2022-11-09 14:11:47,479 INFO o.a.j.t.JMeterThread: Thread is done: Thread Group 1-4
2022-11-09 14:11:47,479 INFO o.a.j.t.JMeterThread: Thread finished: Thread Group 1-4
2022-11-09 14:11:47,494 INFO o.a.j.t.JMeterThread: Thread started: Thread Group 1-15
2022-11-09 14:11:47,528 INFO o.a.j.t.JMeterThread: Thread is done: Thread Group 1-3
2022-11-09 14:11:47,528 INFO o.a.j.t.JMeterThread: Thread finished: Thread Group 1-3
2022-11-09 14:11:47,533 INFO o.a.j.t.JMeterThread: Thread started: Thread Group 1-16
2022-11-09 14:11:47,575 INFO o.a.j.t.JMeterThread: Thread started: Thread Group 1-17
2022-11-09 14:11:47,614 INFO o.a.j.t.JMeterThread: Thread started: Thread Group 1-18
2022-11-09 14:11:47,654 INFO o.a.j.t.JMeterThread: Thread started: Thread Group 1-19
2022-11-09 14:11:47,694 INFO o.a.j.t.JMeterThread: Thread started: Thread Group 1-20
2022-11-09 14:11:47,735 INFO o.a.j.t.JMeterThread: Thread started: Thread Group 1-21
2022-11-09 14:11:47,774 INFO o.a.j.t.JMeterThread: Thread started: Thread Group 1-22
2022-11-09 14:11:47,798 INFO o.a.j.t.JMeterThread: Thread is done: Thread Group 1-9
2022-11-09 14:11:47,798 INFO o.a.j.t.JMeterThread: Thread finished: Thread Group 1-9
2022-11-09 14:11:47,815 INFO o.a.j.t.JMeterThread: Thread started: Thread Group 1-23
2022-11-09 14:11:47,855 INFO o.a.j.t.JMeterThread: Thread started: Thread Group 1-24
2022-11-09 14:11:47,896 INFO o.a.j.t.JMeterThread: Thread started: Thread Group 1-25
2022-11-09 14:11:47,925 INFO o.a.j.t.JMeterThread: Thread is done: Thread Group 1-10
2022-11-09 14:11:47,925 INFO o.a.j.t.JMeterThread: Thread finished: Thread Group 1-10
2022-11-09 14:11:48,016 INFO o.a.j.t.JMeterThread: Thread is done: Thread Group 1-7
2022-11-09 14:11:48,016 INFO o.a.j.t.JMeterThread: Thread finished: Thread Group 1-7
2022-11-09 14:11:48,111 INFO o.a.j.t.JMeterThread: Thread is done: Thread Group 1-12
2022-11-09 14:11:48,111 INFO o.a.j.t.JMeterThread: Thread finished: Thread Group 1-12
2022-11-09 14:11:48,187 INFO o.a.j.t.JMeterThread: Thread is done: Thread Group 1-13
2022-11-09 14:11:48,187 INFO o.a.j.t.JMeterThread: Thread finished: Thread Group 1-13
2022-11-09 14:11:48,245 INFO o.a.j.t.JMeterThread: Thread is done: Thread Group 1-18
2022-11-09 14:11:48,245 INFO o.a.j.t.JMeterThread: Thread finished: Thread Group 1-18
2022-11-09 14:11:48,276 INFO o.a.j.t.JMeterThread: Thread is done: Thread Group 1-16
2022-11-09 14:11:48,278 INFO o.a.j.t.JMeterThread: Thread finished: Thread Group 1-16
2022-11-09 14:11:48,304 INFO o.a.j.t.JMeterThread: Thread is done: Thread Group 1-15
2022-11-09 14:11:48,304 INFO o.a.j.t.JMeterThread: Thread finished: Thread Group 1-15
2022-11-09 14:11:48,341 INFO o.a.j.t.JMeterThread: Thread is done: Thread Group 1-21
2022-11-09 14:11:48,341 INFO o.a.j.t.JMeterThread: Thread finished: Thread Group 1-21
2022-11-09 14:11:48,359 INFO o.a.j.t.JMeterThread: Thread is done: Thread Group 1-19
2022-11-09 14:11:48,359 INFO o.a.j.t.JMeterThread: Thread finished: Thread Group 1-19
2022-11-09 14:11:48,393 INFO o.a.j.t.JMeterThread: Thread is done: Thread Group 1-22
2022-11-09 14:11:48,393 INFO o.a.j.t.JMeterThread: Thread finished: Thread Group 1-22
2022-11-09 14:11:48,401 INFO o.a.j.t.JMeterThread: Thread is done: Thread Group 1-23
2022-11-09 14:11:48,401 INFO o.a.j.t.JMeterThread: Thread finished: Thread Group 1-23
2022-11-09 14:11:48,416 INFO o.a.j.t.JMeterThread: Thread is done: Thread Group 1-24
2022-11-09 14:11:48,416 INFO o.a.j.t.JMeterThread: Thread finished: Thread Group 1-24
2022-11-09 14:11:48,436 INFO o.a.j.t.JMeterThread: Thread is done: Thread Group 1-25
2022-11-09 14:11:48,436 INFO o.a.j.t.JMeterThread: Thread finished: Thread Group 1-25
2022-11-09 14:11:48,718 INFO o.a.j.t.JMeterThread: Thread is done: Thread Group 1-6
2022-11-09 14:11:48,718 INFO o.a.j.t.JMeterThread: Thread finished: Thread Group 1-6
2022-11-09 14:11:48,941 INFO o.a.j.t.JMeterThread: Thread is done: Thread Group 1-11
2022-11-09 14:11:48,941 INFO o.a.j.t.JMeterThread: Thread finished: Thread Group 1-11
2022-11-09 14:11:49,030 INFO o.a.j.t.JMeterThread: Thread is done: Thread Group 1-17
2022-11-09 14:11:49,030 INFO o.a.j.t.JMeterThread: Thread finished: Thread Group 1-17
2022-11-09 14:11:49,050 INFO o.a.j.t.JMeterThread: Thread is done: Thread Group 1-8
2022-11-09 14:11:49,051 INFO o.a.j.t.JMeterThread: Thread finished: Thread Group 1-8
2022-11-09 14:11:49,342 INFO o.a.j.t.JMeterThread: Thread is done: Thread Group 1-20
2022-11-09 14:11:49,342 INFO o.a.j.t.JMeterThread: Thread finished: Thread Group 1-20
2022-11-09 14:11:49,436 INFO o.a.j.t.JMeterThread: Thread is done: Thread Group 1-14
2022-11-09 14:11:49,437 INFO o.a.j.t.JMeterThread: Thread finished: Thread Group 1-14
2022-11-09 14:11:50,246 INFO o.a.j.t.JMeterThread: Thread is done: Thread Group 1-5
2022-11-09 14:11:50,246 INFO o.a.j.t.JMeterThread: Thread finished: Thread Group 1-5
2022-11-09 14:11:50,246 INFO o.a.j.e.StandardJMeterEngine: Notifying test listeners of end of test
2022-11-09 14:11:50,246 INFO o.a.j.g.u.JMeterMenuBar: setRunning(false, *local*)
2022-11-09 14:12:17,852 INFO o.a.j.v.ViewResultsFullVisualizer: Add JavaFX to your Java installation if you want to use renderer: org.apache.jmeter.visualizers.RenderInBrowser
2022-11-09 14:12:20,884 INFO o.a.j.e.StandardJMeterEngine: Running the test!
2022-11-09 14:12:20,885 INFO o.a.j.s.SampleEvent: List of sample_variables: []
2022-11-09 14:12:20,886 INFO o.a.j.g.u.JMeterMenuBar: setRunning(true, *local*)
2022-11-09 14:12:20,920 INFO o.a.j.e.StandardJMeterEngine: Starting ThreadGroup: 1 : Thread Group
2022-11-09 14:12:20,920 INFO o.a.j.e.StandardJMeterEngine: Starting 25 threads for group Thread Group.
2022-11-09 14:12:20,920 INFO o.a.j.e.StandardJMeterEngine: Thread will continue on error
2022-11-09 14:12:20,921 INFO o.a.j.t.ThreadGroup: Starting thread group... number=1 threads=25 ramp-up=1 delayedStart=false
2022-11-09 14:12:20,921 INFO o.a.j.t.JMeterThread: Thread started: Thread Group 1-1
2022-11-09 14:12:20,926 INFO o.a.j.t.ThreadGroup: Started thread group number 1
2022-11-09 14:12:20,926 INFO o.a.j.e.StandardJMeterEngine: All thread groups have been started
2022-11-09 14:12:20,972 INFO o.a.j.t.JMeterThread: Thread started: Thread Group 1-2
2022-11-09 14:12:21,003 INFO o.a.j.t.JMeterThread: Thread started: Thread Group 1-3
2022-11-09 14:12:21,043 INFO o.a.j.t.JMeterThread: Thread started: Thread Group 1-4
2022-11-09 14:12:21,083 INFO o.a.j.t.JMeterThread: Thread started: Thread Group 1-5
2022-11-09 14:12:21,122 INFO o.a.j.t.JMeterThread: Thread started: Thread Group 1-6
2022-11-09 14:12:21,162 INFO o.a.j.t.JMeterThread: Thread started: Thread Group 1-7
2022-11-09 14:12:21,202 INFO o.a.j.t.JMeterThread: Thread started: Thread Group 1-8
2022-11-09 14:12:21,244 INFO o.a.j.t.JMeterThread: Thread started: Thread Group 1-9
2022-11-09 14:12:21,283 INFO o.a.j.t.JMeterThread: Thread started: Thread Group 1-10
2022-11-09 14:12:21,322 INFO o.a.j.t.JMeterThread: Thread started: Thread Group 1-11
2022-11-09 14:12:21,362 INFO o.a.j.t.JMeterThread: Thread started: Thread Group 1-12
2022-11-09 14:12:21,401 INFO o.a.j.t.JMeterThread: Thread started: Thread Group 1-13
2022-11-09 14:12:21,443 INFO o.a.j.t.JMeterThread: Thread started: Thread Group 1-14
2022-11-09 14:12:21,483 INFO o.a.j.t.JMeterThread: Thread started: Thread Group 1-15
2022-11-09 14:12:21,485 INFO o.a.j.t.JMeterThread: Thread is done: Thread Group 1-1
2022-11-09 14:12:21,485 INFO o.a.j.t.JMeterThread: Thread finished: Thread Group 1-1
2022-11-09 14:12:21,522 INFO o.a.j.t.JMeterThread: Thread started: Thread Group 1-16
2022-11-09 14:12:21,564 INFO o.a.j.t.JMeterThread: Thread started: Thread Group 1-17
2022-11-09 14:12:21,602 INFO o.a.j.t.JMeterThread: Thread started: Thread Group 1-18
2022-11-09 14:12:21,628 INFO o.a.j.t.JMeterThread: Thread is done: Thread Group 1-2
2022-11-09 14:12:21,629 INFO o.a.j.t.JMeterThread: Thread finished: Thread Group 1-2
2022-11-09 14:12:21,642 INFO o.a.j.t.JMeterThread: Thread started: Thread Group 1-19
2022-11-09 14:12:21,682 INFO o.a.j.t.JMeterThread: Thread started: Thread Group 1-20
2022-11-09 14:12:21,688 INFO o.a.j.t.JMeterThread: Thread is done: Thread Group 1-7
2022-11-09 14:12:21,688 INFO o.a.j.t.JMeterThread: Thread finished: Thread Group 1-7
2022-11-09 14:12:21,705 INFO o.a.j.t.JMeterThread: Thread is done: Thread Group 1-10
2022-11-09 14:12:21,706 INFO o.a.j.t.JMeterThread: Thread finished: Thread Group 1-10
2022-11-09 14:12:21,723 INFO o.a.j.t.JMeterThread: Thread started: Thread Group 1-21
2022-11-09 14:12:21,763 INFO o.a.j.t.JMeterThread: Thread started: Thread Group 1-22
2022-11-09 14:12:21,802 INFO o.a.j.t.JMeterThread: Thread started: Thread Group 1-23
2022-11-09 14:12:21,842 INFO o.a.j.t.JMeterThread: Thread started: Thread Group 1-24
2022-11-09 14:12:21,876 INFO o.a.j.t.JMeterThread: Thread is done: Thread Group 1-14
2022-11-09 14:12:21,876 INFO o.a.j.t.JMeterThread: Thread finished: Thread Group 1-14
2022-11-09 14:12:21,883 INFO o.a.j.t.JMeterThread: Thread started: Thread Group 1-25
2022-11-09 14:12:23,204 INFO o.a.j.t.JMeterThread: Thread is done: Thread Group 1-16
2022-11-09 14:12:23,204 INFO o.a.j.t.JMeterThread: Thread finished: Thread Group 1-16
2022-11-09 14:12:23,553 INFO o.a.j.t.JMeterThread: Thread is done: Thread Group 1-5
2022-11-09 14:12:23,554 INFO o.a.j.t.JMeterThread: Thread finished: Thread Group 1-5
2022-11-09 14:12:23,558 INFO o.a.j.t.JMeterThread: Thread is done: Thread Group 1-6
2022-11-09 14:12:23,558 INFO o.a.j.t.JMeterThread: Thread finished: Thread Group 1-6
2022-11-09 14:12:23,590 INFO o.a.j.t.JMeterThread: Thread is done: Thread Group 1-19
2022-11-09 14:12:23,590 INFO o.a.j.t.JMeterThread: Thread finished: Thread Group 1-19
2022-11-09 14:12:23,979 INFO o.a.j.t.JMeterThread: Thread is done: Thread Group 1-23
2022-11-09 14:12:23,979 INFO o.a.j.t.JMeterThread: Thread finished: Thread Group 1-23
2022-11-09 14:12:24,015 INFO o.a.j.t.JMeterThread: Thread is done: Thread Group 1-4
2022-11-09 14:12:24,015 INFO o.a.j.t.JMeterThread: Thread finished: Thread Group 1-4
2022-11-09 14:12:24,966 INFO o.a.j.t.JMeterThread: Thread is done: Thread Group 1-24
2022-11-09 14:12:24,966 INFO o.a.j.t.JMeterThread: Thread is done: Thread Group 1-15
2022-11-09 14:12:24,968 INFO o.a.j.t.JMeterThread: Thread finished: Thread Group 1-24
2022-11-09 14:12:24,968 INFO o.a.j.t.JMeterThread: Thread finished: Thread Group 1-15
2022-11-09 14:12:25,098 INFO o.a.j.t.JMeterThread: Thread is done: Thread Group 1-8
2022-11-09 14:12:25,098 INFO o.a.j.t.JMeterThread: Thread finished: Thread Group 1-8
2022-11-09 14:12:25,116 INFO o.a.j.t.JMeterThread: Thread is done: Thread Group 1-12
2022-11-09 14:12:25,116 INFO o.a.j.t.JMeterThread: Thread finished: Thread Group 1-12
2022-11-09 14:12:25,611 INFO o.a.j.t.JMeterThread: Thread is done: Thread Group 1-13
2022-11-09 14:12:25,611 INFO o.a.j.t.JMeterThread: Thread finished: Thread Group 1-13
2022-11-09 14:12:26,409 INFO o.a.j.t.JMeterThread: Thread is done: Thread Group 1-9
2022-11-09 14:12:26,409 INFO o.a.j.t.JMeterThread: Thread finished: Thread Group 1-9
2022-11-09 14:12:26,412 INFO o.a.j.t.JMeterThread: Thread is done: Thread Group 1-11
2022-11-09 14:12:26,412 INFO o.a.j.t.JMeterThread: Thread finished: Thread Group 1-11
2022-11-09 14:12:26,426 INFO o.a.j.t.JMeterThread: Thread is done: Thread Group 1-21
2022-11-09 14:12:26,426 INFO o.a.j.t.JMeterThread: Thread finished: Thread Group 1-21
2022-11-09 14:12:26,496 INFO o.a.j.t.JMeterThread: Thread is done: Thread Group 1-22
2022-11-09 14:12:26,496 INFO o.a.j.t.JMeterThread: Thread finished: Thread Group 1-22
2022-11-09 14:12:26,537 INFO o.a.j.t.JMeterThread: Thread is done: Thread Group 1-25
2022-11-09 14:12:26,537 INFO o.a.j.t.JMeterThread: Thread finished: Thread Group 1-25
2022-11-09 14:12:26,632 INFO o.a.j.t.JMeterThread: Thread is done: Thread Group 1-18
2022-11-09 14:12:26,632 INFO o.a.j.t.JMeterThread: Thread finished: Thread Group 1-18
2022-11-09 14:12:26,825 INFO o.a.j.t.JMeterThread: Thread is done: Thread Group 1-20
2022-11-09 14:12:26,826 INFO o.a.j.t.JMeterThread: Thread finished: Thread Group 1-20
2022-11-09 14:12:27,228 INFO o.a.j.t.JMeterThread: Thread is done: Thread Group 1-3
2022-11-09 14:12:27,229 INFO o.a.j.t.JMeterThread: Thread finished: Thread Group 1-3
2022-11-09 14:12:27,978 INFO o.a.j.t.JMeterThread: Thread is done: Thread Group 1-17
2022-11-09 14:12:27,978 INFO o.a.j.t.JMeterThread: Thread finished: Thread Group 1-17
2022-11-09 14:12:27,978 INFO o.a.j.e.StandardJMeterEngine: Notifying test listeners of end of test
2022-11-09 14:12:27,978 INFO o.a.j.g.u.JMeterMenuBar: setRunning(false, *local*)
2022-11-09 14:12:43,236 INFO o.a.j.e.StandardJMeterEngine: Running the test!
2022-11-09 14:12:43,236 INFO o.a.j.s.SampleEvent: List of sample_variables: []
2022-11-09 14:12:43,237 INFO o.a.j.g.u.JMeterMenuBar: setRunning(true, *local*)
2022-11-09 14:12:43,239 INFO o.a.j.e.StandardJMeterEngine: Starting ThreadGroup: 1 : Thread Group
2022-11-09 14:12:43,239 INFO o.a.j.e.StandardJMeterEngine: Starting 1 threads for group Thread Group.
2022-11-09 14:12:43,239 INFO o.a.j.e.StandardJMeterEngine: Thread will continue on error
2022-11-09 14:12:43,239 INFO o.a.j.t.ThreadGroup: Starting thread group... number=1 threads=1 ramp-up=1 delayedStart=false
2022-11-09 14:12:43,239 INFO o.a.j.t.ThreadGroup: Started thread group number 1
2022-11-09 14:12:43,239 INFO o.a.j.e.StandardJMeterEngine: All thread groups have been started
2022-11-09 14:12:43,239 INFO o.a.j.t.JMeterThread: Thread started: Thread Group 1-1
2022-11-09 14:12:46,575 INFO o.a.j.t.JMeterThread: Thread is done: Thread Group 1-1
2022-11-09 14:12:46,575 INFO o.a.j.t.JMeterThread: Thread finished: Thread Group 1-1
2022-11-09 14:12:46,576 INFO o.a.j.e.StandardJMeterEngine: Notifying test listeners of end of test
2022-11-09 14:12:46,576 INFO o.a.j.g.u.JMeterMenuBar: setRunning(false, *local*)
2022-11-09 14:13:01,442 INFO o.a.j.e.StandardJMeterEngine: Running the test!
2022-11-09 14:13:01,442 INFO o.a.j.s.SampleEvent: List of sample_variables: []
2022-11-09 14:13:01,444 INFO o.a.j.g.u.JMeterMenuBar: setRunning(true, *local*)
2022-11-09 14:13:01,478 INFO o.a.j.e.StandardJMeterEngine: Starting ThreadGroup: 1 : Thread Group
2022-11-09 14:13:01,478 INFO o.a.j.e.StandardJMeterEngine: Starting 10 threads for group Thread Group.
2022-11-09 14:13:01,478 INFO o.a.j.e.StandardJMeterEngine: Thread will continue on error
2022-11-09 14:13:01,478 INFO o.a.j.t.ThreadGroup: Starting thread group... number=1 threads=10 ramp-up=1 delayedStart=false
2022-11-09 14:13:01,478 INFO o.a.j.t.JMeterThread: Thread started: Thread Group 1-1
2022-11-09 14:13:01,479 INFO o.a.j.t.ThreadGroup: Started thread group number 1
2022-11-09 14:13:01,479 INFO o.a.j.e.StandardJMeterEngine: All thread groups have been started
2022-11-09 14:13:01,580 INFO o.a.j.t.JMeterThread: Thread started: Thread Group 1-2
2022-11-09 14:13:01,687 INFO o.a.j.t.JMeterThread: Thread started: Thread Group 1-3
2022-11-09 14:13:01,781 INFO o.a.j.t.JMeterThread: Thread started: Thread Group 1-4
2022-11-09 14:13:01,888 INFO o.a.j.t.JMeterThread: Thread started: Thread Group 1-5
2022-11-09 14:13:01,979 INFO o.a.j.t.JMeterThread: Thread started: Thread Group 1-6
2022-11-09 14:13:02,081 INFO o.a.j.t.JMeterThread: Thread started: Thread Group 1-7
2022-11-09 14:13:02,180 INFO o.a.j.t.JMeterThread: Thread started: Thread Group 1-8
2022-11-09 14:13:02,280 INFO o.a.j.t.JMeterThread: Thread started: Thread Group 1-9
2022-11-09 14:13:02,380 INFO o.a.j.t.JMeterThread: Thread started: Thread Group 1-10
2022-11-09 14:13:02,700 INFO o.a.j.t.JMeterThread: Thread is done: Thread Group 1-8
2022-11-09 14:13:02,700 INFO o.a.j.t.JMeterThread: Thread finished: Thread Group 1-8
2022-11-09 14:13:02,900 INFO o.a.j.t.JMeterThread: Thread is done: Thread Group 1-10
2022-11-09 14:13:02,900 INFO o.a.j.t.JMeterThread: Thread finished: Thread Group 1-10
2022-11-09 14:13:03,415 INFO o.a.j.t.JMeterThread: Thread is done: Thread Group 1-3
2022-11-09 14:13:03,415 INFO o.a.j.t.JMeterThread: Thread finished: Thread Group 1-3
2022-11-09 14:13:03,805 INFO o.a.j.t.JMeterThread: Thread is done: Thread Group 1-9
2022-11-09 14:13:03,805 INFO o.a.j.t.JMeterThread: Thread finished: Thread Group 1-9
2022-11-09 14:13:03,930 INFO o.a.j.t.JMeterThread: Thread is done: Thread Group 1-5
2022-11-09 14:13:03,930 INFO o.a.j.t.JMeterThread: Thread finished: Thread Group 1-5
2022-11-09 14:13:04,275 INFO o.a.j.t.JMeterThread: Thread is done: Thread Group 1-2
2022-11-09 14:13:04,275 INFO o.a.j.t.JMeterThread: Thread finished: Thread Group 1-2
2022-11-09 14:13:05,247 INFO o.a.j.t.JMeterThread: Thread is done: Thread Group 1-4
2022-11-09 14:13:05,247 INFO o.a.j.t.JMeterThread: Thread finished: Thread Group 1-4
2022-11-09 14:13:05,492 INFO o.a.j.t.JMeterThread: Thread is done: Thread Group 1-1
2022-11-09 14:13:05,492 INFO o.a.j.t.JMeterThread: Thread finished: Thread Group 1-1
2022-11-09 14:13:05,586 INFO o.a.j.t.JMeterThread: Thread is done: Thread Group 1-6
2022-11-09 14:13:05,586 INFO o.a.j.t.JMeterThread: Thread finished: Thread Group 1-6
2022-11-09 14:13:05,697 INFO o.a.j.t.JMeterThread: Thread is done: Thread Group 1-7
2022-11-09 14:13:05,697 INFO o.a.j.t.JMeterThread: Thread finished: Thread Group 1-7
2022-11-09 14:13:05,697 INFO o.a.j.e.StandardJMeterEngine: Notifying test listeners of end of test
2022-11-09 14:13:05,697 INFO o.a.j.g.u.JMeterMenuBar: setRunning(false, *local*)
2022-11-09 14:15:09,708 INFO o.a.j.e.StandardJMeterEngine: Running the test!
2022-11-09 14:15:09,708 INFO o.a.j.s.SampleEvent: List of sample_variables: []
2022-11-09 14:15:09,709 INFO o.a.j.g.u.JMeterMenuBar: setRunning(true, *local*)
2022-11-09 14:15:09,750 INFO o.a.j.e.StandardJMeterEngine: Starting ThreadGroup: 1 : Thread Group
2022-11-09 14:15:09,750 INFO o.a.j.e.StandardJMeterEngine: Starting 10 threads for group Thread Group.
2022-11-09 14:15:09,750 INFO o.a.j.e.StandardJMeterEngine: Thread will continue on error
2022-11-09 14:15:09,750 INFO o.a.j.t.ThreadGroup: Starting thread group... number=1 threads=10 ramp-up=1 delayedStart=false
2022-11-09 14:15:09,751 INFO o.a.j.t.JMeterThread: Thread started: Thread Group 1-1
2022-11-09 14:15:09,752 INFO o.a.j.t.ThreadGroup: Started thread group number 1
2022-11-09 14:15:09,752 INFO o.a.j.e.StandardJMeterEngine: All thread groups have been started
2022-11-09 14:15:09,864 INFO o.a.j.t.JMeterThread: Thread started: Thread Group 1-2
2022-11-09 14:15:09,957 INFO o.a.j.t.JMeterThread: Thread started: Thread Group 1-3
2022-11-09 14:15:10,065 INFO o.a.j.t.JMeterThread: Thread started: Thread Group 1-4
2022-11-09 14:15:10,156 INFO o.a.j.t.JMeterThread: Thread started: Thread Group 1-5
2022-11-09 14:15:10,265 INFO o.a.j.t.JMeterThread: Thread started: Thread Group 1-6
2022-11-09 14:15:10,356 INFO o.a.j.t.JMeterThread: Thread started: Thread Group 1-7
2022-11-09 14:15:10,438 INFO o.a.j.t.JMeterThread: Thread is done: Thread Group 1-3
2022-11-09 14:15:10,438 INFO o.a.j.t.JMeterThread: Thread finished: Thread Group 1-3
2022-11-09 14:15:10,463 INFO o.a.j.t.JMeterThread: Thread started: Thread Group 1-8
2022-11-09 14:15:10,556 INFO o.a.j.t.JMeterThread: Thread started: Thread Group 1-9
2022-11-09 14:15:10,663 INFO o.a.j.t.JMeterThread: Thread started: Thread Group 1-10
2022-11-09 14:15:11,164 INFO o.a.j.t.JMeterThread: Thread is done: Thread Group 1-10
2022-11-09 14:15:11,164 INFO o.a.j.t.JMeterThread: Thread finished: Thread Group 1-10
2022-11-09 14:15:12,170 INFO o.a.j.t.JMeterThread: Thread is done: Thread Group 1-8
2022-11-09 14:15:12,170 INFO o.a.j.t.JMeterThread: Thread finished: Thread Group 1-8
2022-11-09 14:15:12,195 INFO o.a.j.t.JMeterThread: Thread is done: Thread Group 1-5
2022-11-09 14:15:12,195 INFO o.a.j.t.JMeterThread: Thread finished: Thread Group 1-5
2022-11-09 14:15:13,193 INFO o.a.j.t.JMeterThread: Thread is done: Thread Group 1-1
2022-11-09 14:15:13,193 INFO o.a.j.t.JMeterThread: Thread finished: Thread Group 1-1
2022-11-09 14:15:14,525 INFO o.a.j.t.JMeterThread: Thread is done: Thread Group 1-2
2022-11-09 14:15:14,525 INFO o.a.j.t.JMeterThread: Thread finished: Thread Group 1-2
2022-11-09 14:15:14,685 INFO o.a.j.t.JMeterThread: Thread is done: Thread Group 1-6
2022-11-09 14:15:14,685 INFO o.a.j.t.JMeterThread: Thread finished: Thread Group 1-6
2022-11-09 14:15:15,067 INFO o.a.j.t.JMeterThread: Thread is done: Thread Group 1-7
2022-11-09 14:15:15,067 INFO o.a.j.t.JMeterThread: Thread finished: Thread Group 1-7
2022-11-09 14:15:15,279 INFO o.a.j.t.JMeterThread: Thread is done: Thread Group 1-9
2022-11-09 14:15:15,279 INFO o.a.j.t.JMeterThread: Thread finished: Thread Group 1-9
2022-11-09 14:15:16,237 INFO o.a.j.t.JMeterThread: Thread is done: Thread Group 1-4
2022-11-09 14:15:16,237 INFO o.a.j.t.JMeterThread: Thread finished: Thread Group 1-4
2022-11-09 14:15:16,237 INFO o.a.j.e.StandardJMeterEngine: Notifying test listeners of end of test
2022-11-09 14:15:16,238 INFO o.a.j.g.u.JMeterMenuBar: setRunning(false, *local*)
2022-11-09 14:15:22,789 INFO o.a.j.e.StandardJMeterEngine: Running the test!
2022-11-09 14:15:22,789 INFO o.a.j.s.SampleEvent: List of sample_variables: []
2022-11-09 14:15:22,790 INFO o.a.j.g.u.JMeterMenuBar: setRunning(true, *local*)
2022-11-09 14:15:22,824 INFO o.a.j.e.StandardJMeterEngine: Starting ThreadGroup: 1 : Thread Group
2022-11-09 14:15:22,824 INFO o.a.j.e.StandardJMeterEngine: Starting 5 threads for group Thread Group.
2022-11-09 14:15:22,824 INFO o.a.j.e.StandardJMeterEngine: Thread will continue on error
2022-11-09 14:15:22,824 INFO o.a.j.t.ThreadGroup: Starting thread group... number=1 threads=5 ramp-up=1 delayedStart=false
2022-11-09 14:15:22,825 INFO o.a.j.t.JMeterThread: Thread started: Thread Group 1-1
2022-11-09 14:15:22,825 INFO o.a.j.t.ThreadGroup: Started thread group number 1
2022-11-09 14:15:22,825 INFO o.a.j.e.StandardJMeterEngine: All thread groups have been started
2022-11-09 14:15:23,024 INFO o.a.j.t.JMeterThread: Thread started: Thread Group 1-2
2022-11-09 14:15:23,227 INFO o.a.j.t.JMeterThread: Thread started: Thread Group 1-3
2022-11-09 14:15:23,426 INFO o.a.j.t.JMeterThread: Thread started: Thread Group 1-4
2022-11-09 14:15:23,627 INFO o.a.j.t.JMeterThread: Thread started: Thread Group 1-5
2022-11-09 14:15:24,647 INFO o.a.j.t.JMeterThread: Thread is done: Thread Group 1-3
2022-11-09 14:15:24,647 INFO o.a.j.t.JMeterThread: Thread finished: Thread Group 1-3
2022-11-09 14:15:25,516 INFO o.a.j.t.JMeterThread: Thread is done: Thread Group 1-2
2022-11-09 14:15:25,516 INFO o.a.j.t.JMeterThread: Thread finished: Thread Group 1-2
2022-11-09 14:15:26,875 INFO o.a.j.t.JMeterThread: Thread is done: Thread Group 1-1
2022-11-09 14:15:26,875 INFO o.a.j.t.JMeterThread: Thread finished: Thread Group 1-1
2022-11-09 14:15:27,412 INFO o.a.j.t.JMeterThread: Thread is done: Thread Group 1-4
2022-11-09 14:15:27,412 INFO o.a.j.t.JMeterThread: Thread finished: Thread Group 1-4
2022-11-09 14:15:27,549 INFO o.a.j.t.JMeterThread: Thread is done: Thread Group 1-5
2022-11-09 14:15:27,549 INFO o.a.j.t.JMeterThread: Thread finished: Thread Group 1-5
2022-11-09 14:15:27,549 INFO o.a.j.e.StandardJMeterEngine: Notifying test listeners of end of test
2022-11-09 14:15:27,549 INFO o.a.j.g.u.JMeterMenuBar: setRunning(false, *local*)
2022-11-09 14:15:41,581 INFO o.a.j.e.StandardJMeterEngine: Running the test!
2022-11-09 14:15:41,581 INFO o.a.j.s.SampleEvent: List of sample_variables: []
2022-11-09 14:15:41,582 INFO o.a.j.g.u.JMeterMenuBar: setRunning(true, *local*)
2022-11-09 14:15:41,615 INFO o.a.j.e.StandardJMeterEngine: Starting ThreadGroup: 1 : Thread Group
2022-11-09 14:15:41,615 INFO o.a.j.e.StandardJMeterEngine: Starting 5 threads for group Thread Group.
2022-11-09 14:15:41,615 INFO o.a.j.e.StandardJMeterEngine: Thread will continue on error
2022-11-09 14:15:41,615 INFO o.a.j.t.ThreadGroup: Starting thread group... number=1 threads=5 ramp-up=1 delayedStart=false
2022-11-09 14:15:41,615 INFO o.a.j.t.JMeterThread: Thread started: Thread Group 1-1
2022-11-09 14:15:41,615 INFO o.a.j.t.ThreadGroup: Started thread group number 1
2022-11-09 14:15:41,615 INFO o.a.j.e.StandardJMeterEngine: All thread groups have been started
2022-11-09 14:15:41,831 INFO o.a.j.t.JMeterThread: Thread started: Thread Group 1-2
2022-11-09 14:15:42,018 INFO o.a.j.t.JMeterThread: Thread started: Thread Group 1-3
2022-11-09 14:15:42,219 INFO o.a.j.t.JMeterThread: Thread started: Thread Group 1-4
2022-11-09 14:15:42,421 INFO o.a.j.t.JMeterThread: Thread started: Thread Group 1-5
2022-11-09 14:15:45,017 INFO o.a.j.t.JMeterThread: Thread is done: Thread Group 1-1
2022-11-09 14:15:45,017 INFO o.a.j.t.JMeterThread: Thread finished: Thread Group 1-1
2022-11-09 14:15:45,240 INFO o.a.j.t.JMeterThread: Thread is done: Thread Group 1-2
2022-11-09 14:15:45,240 INFO o.a.j.t.JMeterThread: Thread finished: Thread Group 1-2
2022-11-09 14:15:45,350 INFO o.a.j.t.JMeterThread: Thread is done: Thread Group 1-4
2022-11-09 14:15:45,351 INFO o.a.j.t.JMeterThread: Thread finished: Thread Group 1-4
2022-11-09 14:15:45,499 INFO o.a.j.t.JMeterThread: Thread is done: Thread Group 1-3
2022-11-09 14:15:45,499 INFO o.a.j.t.JMeterThread: Thread finished: Thread Group 1-3
2022-11-09 14:15:45,781 INFO o.a.j.t.JMeterThread: Thread is done: Thread Group 1-5
2022-11-09 14:15:45,781 INFO o.a.j.t.JMeterThread: Thread finished: Thread Group 1-5
2022-11-09 14:15:45,781 INFO o.a.j.e.StandardJMeterEngine: Notifying test listeners of end of test
2022-11-09 14:15:45,782 INFO o.a.j.g.u.JMeterMenuBar: setRunning(false, *local*)
2022-11-09 14:16:10,164 INFO o.a.j.e.StandardJMeterEngine: Running the test!
2022-11-09 14:16:10,165 INFO o.a.j.s.SampleEvent: List of sample_variables: []
2022-11-09 14:16:10,166 INFO o.a.j.g.u.JMeterMenuBar: setRunning(true, *local*)
2022-11-09 14:16:10,201 INFO o.a.j.e.StandardJMeterEngine: Starting ThreadGroup: 1 : Thread Group
2022-11-09 14:16:10,201 INFO o.a.j.e.StandardJMeterEngine: Starting 5 threads for group Thread Group.
2022-11-09 14:16:10,201 INFO o.a.j.e.StandardJMeterEngine: Thread will continue on error
2022-11-09 14:16:10,201 INFO o.a.j.t.ThreadGroup: Starting thread group... number=1 threads=5 ramp-up=1 delayedStart=false
2022-11-09 14:16:10,201 INFO o.a.j.t.JMeterThread: Thread started: Thread Group 1-1
2022-11-09 14:16:10,202 INFO o.a.j.t.ThreadGroup: Started thread group number 1
2022-11-09 14:16:10,202 INFO o.a.j.e.StandardJMeterEngine: All thread groups have been started
2022-11-09 14:16:10,412 INFO o.a.j.t.JMeterThread: Thread started: Thread Group 1-2
2022-11-09 14:16:10,613 INFO o.a.j.t.JMeterThread: Thread started: Thread Group 1-3
2022-11-09 14:16:10,803 INFO o.a.j.t.JMeterThread: Thread started: Thread Group 1-4
2022-11-09 14:16:11,001 INFO o.a.j.t.JMeterThread: Thread started: Thread Group 1-5
2022-11-09 14:16:11,924 INFO o.a.j.t.JMeterThread: Thread is done: Thread Group 1-2
2022-11-09 14:16:11,924 INFO o.a.j.t.JMeterThread: Thread finished: Thread Group 1-2
2022-11-09 14:16:12,252 INFO o.a.j.t.JMeterThread: Thread is done: Thread Group 1-4
2022-11-09 14:16:12,252 INFO o.a.j.t.JMeterThread: Thread finished: Thread Group 1-4
2022-11-09 14:16:13,000 INFO o.a.j.t.JMeterThread: Thread is done: Thread Group 1-3
2022-11-09 14:16:13,000 INFO o.a.j.t.JMeterThread: Thread finished: Thread Group 1-3
2022-11-09 14:16:13,988 INFO o.a.j.t.JMeterThread: Thread is done: Thread Group 1-5
2022-11-09 14:16:13,988 INFO o.a.j.t.JMeterThread: Thread finished: Thread Group 1-5
2022-11-09 14:16:14,590 INFO o.a.j.t.JMeterThread: Thread is done: Thread Group 1-1
2022-11-09 14:16:14,590 INFO o.a.j.t.JMeterThread: Thread finished: Thread Group 1-1
2022-11-09 14:16:14,590 INFO o.a.j.e.StandardJMeterEngine: Notifying test listeners of end of test
2022-11-09 14:16:14,591 INFO o.a.j.g.u.JMeterMenuBar: setRunning(false, *local*)
2022-11-09 14:16:21,345 INFO o.a.j.e.StandardJMeterEngine: Running the test!
2022-11-09 14:16:21,345 INFO o.a.j.s.SampleEvent: List of sample_variables: []
2022-11-09 14:16:21,346 INFO o.a.j.g.u.JMeterMenuBar: setRunning(true, *local*)
2022-11-09 14:16:21,348 INFO o.a.j.e.StandardJMeterEngine: Starting ThreadGroup: 1 : Thread Group
2022-11-09 14:16:21,348 INFO o.a.j.e.StandardJMeterEngine: Starting 3 threads for group Thread Group.
2022-11-09 14:16:21,348 INFO o.a.j.e.StandardJMeterEngine: Thread will continue on error
2022-11-09 14:16:21,348 INFO o.a.j.t.ThreadGroup: Starting thread group... number=1 threads=3 ramp-up=1 delayedStart=false
2022-11-09 14:16:21,348 INFO o.a.j.t.ThreadGroup: Started thread group number 1
2022-11-09 14:16:21,348 INFO o.a.j.e.StandardJMeterEngine: All thread groups have been started
2022-11-09 14:16:21,348 INFO o.a.j.t.JMeterThread: Thread started: Thread Group 1-1
2022-11-09 14:16:21,682 INFO o.a.j.t.JMeterThread: Thread started: Thread Group 1-2
2022-11-09 14:16:22,015 INFO o.a.j.t.JMeterThread: Thread started: Thread Group 1-3
2022-11-09 14:16:24,172 INFO o.a.j.t.JMeterThread: Thread is done: Thread Group 1-3
2022-11-09 14:16:24,172 INFO o.a.j.t.JMeterThread: Thread finished: Thread Group 1-3
2022-11-09 14:16:24,953 INFO o.a.j.t.JMeterThread: Thread is done: Thread Group 1-1
2022-11-09 14:16:24,953 INFO o.a.j.t.JMeterThread: Thread finished: Thread Group 1-1
2022-11-09 14:16:25,026 INFO o.a.j.t.JMeterThread: Thread is done: Thread Group 1-2
2022-11-09 14:16:25,026 INFO o.a.j.t.JMeterThread: Thread finished: Thread Group 1-2
2022-11-09 14:16:25,026 INFO o.a.j.e.StandardJMeterEngine: Notifying test listeners of end of test
2022-11-09 14:16:25,026 INFO o.a.j.g.u.JMeterMenuBar: setRunning(false, *local*)
2022-11-09 14:16:49,686 INFO o.a.j.e.StandardJMeterEngine: Running the test!
2022-11-09 14:16:49,686 INFO o.a.j.s.SampleEvent: List of sample_variables: []
2022-11-09 14:16:49,687 INFO o.a.j.g.u.JMeterMenuBar: setRunning(true, *local*)
2022-11-09 14:16:49,723 INFO o.a.j.e.StandardJMeterEngine: Starting ThreadGroup: 1 : Thread Group
2022-11-09 14:16:49,723 INFO o.a.j.e.StandardJMeterEngine: Starting 2 threads for group Thread Group.
2022-11-09 14:16:49,723 INFO o.a.j.e.StandardJMeterEngine: Thread will continue on error
2022-11-09 14:16:49,723 INFO o.a.j.t.ThreadGroup: Starting thread group... number=1 threads=2 ramp-up=1 delayedStart=false
2022-11-09 14:16:49,724 INFO o.a.j.t.ThreadGroup: Started thread group number 1
2022-11-09 14:16:49,724 INFO o.a.j.e.StandardJMeterEngine: All thread groups have been started
2022-11-09 14:16:49,724 INFO o.a.j.t.JMeterThread: Thread started: Thread Group 1-1
2022-11-09 14:16:50,224 INFO o.a.j.t.JMeterThread: Thread started: Thread Group 1-2
2022-11-09 14:16:52,214 INFO o.a.j.t.JMeterThread: Thread is done: Thread Group 1-2
2022-11-09 14:16:52,215 INFO o.a.j.t.JMeterThread: Thread finished: Thread Group 1-2
2022-11-09 14:16:53,119 INFO o.a.j.t.JMeterThread: Thread is done: Thread Group 1-1
2022-11-09 14:16:53,120 INFO o.a.j.t.JMeterThread: Thread finished: Thread Group 1-1
2022-11-09 14:16:53,120 INFO o.a.j.e.StandardJMeterEngine: Notifying test listeners of end of test
2022-11-09 14:16:53,120 INFO o.a.j.g.u.JMeterMenuBar: setRunning(false, *local*)
2022-11-09 14:17:21,725 INFO o.a.j.e.StandardJMeterEngine: Running the test!
2022-11-09 14:17:21,725 INFO o.a.j.s.SampleEvent: List of sample_variables: []
2022-11-09 14:17:21,726 INFO o.a.j.g.u.JMeterMenuBar: setRunning(true, *local*)
2022-11-09 14:17:21,759 INFO o.a.j.e.StandardJMeterEngine: Starting ThreadGroup: 1 : Thread Group
2022-11-09 14:17:21,759 INFO o.a.j.e.StandardJMeterEngine: Starting 10 threads for group Thread Group.
2022-11-09 14:17:21,760 INFO o.a.j.e.StandardJMeterEngine: Thread will continue on error
2022-11-09 14:17:21,760 INFO o.a.j.t.ThreadGroup: Starting thread group... number=1 threads=10 ramp-up=1 delayedStart=false
2022-11-09 14:17:21,760 INFO o.a.j.t.JMeterThread: Thread started: Thread Group 1-1
2022-11-09 14:17:21,762 INFO o.a.j.t.ThreadGroup: Started thread group number 1
2022-11-09 14:17:21,762 INFO o.a.j.e.StandardJMeterEngine: All thread groups have been started
2022-11-09 14:17:21,866 INFO o.a.j.t.JMeterThread: Thread started: Thread Group 1-2
2022-11-09 14:17:21,976 INFO o.a.j.t.JMeterThread: Thread started: Thread Group 1-3
2022-11-09 14:17:22,069 INFO o.a.j.t.JMeterThread: Thread started: Thread Group 1-4
2022-11-09 14:17:22,176 INFO o.a.j.t.JMeterThread: Thread started: Thread Group 1-5
2022-11-09 14:17:22,262 INFO o.a.j.t.JMeterThread: Thread started: Thread Group 1-6
2022-11-09 14:17:22,363 INFO o.a.j.t.JMeterThread: Thread started: Thread Group 1-7
2022-11-09 14:17:22,462 INFO o.a.j.t.JMeterThread: Thread started: Thread Group 1-8
2022-11-09 14:17:22,563 INFO o.a.j.t.JMeterThread: Thread started: Thread Group 1-9
2022-11-09 14:17:22,663 INFO o.a.j.t.JMeterThread: Thread started: Thread Group 1-10
2022-11-09 14:17:23,227 INFO o.a.j.t.JMeterThread: Thread is done: Thread Group 1-9
2022-11-09 14:17:23,227 INFO o.a.j.t.JMeterThread: Thread finished: Thread Group 1-9
2022-11-09 14:17:24,186 INFO o.a.j.t.JMeterThread: Thread is done: Thread Group 1-4
2022-11-09 14:17:24,186 INFO o.a.j.t.JMeterThread: Thread finished: Thread Group 1-4
2022-11-09 14:17:24,359 INFO o.a.j.t.JMeterThread: Thread is done: Thread Group 1-8
2022-11-09 14:17:24,359 INFO o.a.j.t.JMeterThread: Thread finished: Thread Group 1-8
2022-11-09 14:17:25,042 INFO o.a.j.t.JMeterThread: Thread is done: Thread Group 1-1
2022-11-09 14:17:25,042 INFO o.a.j.t.JMeterThread: Thread finished: Thread Group 1-1
2022-11-09 14:17:25,812 INFO o.a.j.t.JMeterThread: Thread is done: Thread Group 1-7
2022-11-09 14:17:25,812 INFO o.a.j.t.JMeterThread: Thread finished: Thread Group 1-7
2022-11-09 14:17:26,404 INFO o.a.j.t.JMeterThread: Thread is done: Thread Group 1-3
2022-11-09 14:17:26,404 INFO o.a.j.t.JMeterThread: Thread finished: Thread Group 1-3
2022-11-09 14:17:27,127 INFO o.a.j.t.JMeterThread: Thread is done: Thread Group 1-2
2022-11-09 14:17:27,127 INFO o.a.j.t.JMeterThread: Thread finished: Thread Group 1-2
2022-11-09 14:17:27,730 INFO o.a.j.t.JMeterThread: Thread is done: Thread Group 1-6
2022-11-09 14:17:27,731 INFO o.a.j.t.JMeterThread: Thread finished: Thread Group 1-6
2022-11-09 14:17:27,747 INFO o.a.j.t.JMeterThread: Thread is done: Thread Group 1-5
2022-11-09 14:17:27,747 INFO o.a.j.t.JMeterThread: Thread finished: Thread Group 1-5
2022-11-09 14:17:28,002 INFO o.a.j.t.JMeterThread: Thread is done: Thread Group 1-10
2022-11-09 14:17:28,002 INFO o.a.j.t.JMeterThread: Thread finished: Thread Group 1-10
2022-11-09 14:17:28,003 INFO o.a.j.e.StandardJMeterEngine: Notifying test listeners of end of test
2022-11-09 14:17:28,003 INFO o.a.j.g.u.JMeterMenuBar: setRunning(false, *local*)
2022-11-09 14:18:59,498 INFO o.a.j.e.StandardJMeterEngine: Running the test!
2022-11-09 14:18:59,498 INFO o.a.j.s.SampleEvent: List of sample_variables: []
2022-11-09 14:18:59,499 INFO o.a.j.g.u.JMeterMenuBar: setRunning(true, *local*)
2022-11-09 14:18:59,537 INFO o.a.j.e.StandardJMeterEngine: Starting ThreadGroup: 1 : Thread Group
2022-11-09 14:18:59,538 INFO o.a.j.e.StandardJMeterEngine: Starting 5 threads for group Thread Group.
2022-11-09 14:18:59,538 INFO o.a.j.e.StandardJMeterEngine: Thread will continue on error
2022-11-09 14:18:59,538 INFO o.a.j.t.ThreadGroup: Starting thread group... number=1 threads=5 ramp-up=1 delayedStart=false
2022-11-09 14:18:59,538 INFO o.a.j.t.JMeterThread: Thread started: Thread Group 1-1
2022-11-09 14:18:59,538 INFO o.a.j.t.ThreadGroup: Started thread group number 1
2022-11-09 14:18:59,538 INFO o.a.j.e.StandardJMeterEngine: All thread groups have been started
2022-11-09 14:18:59,752 INFO o.a.j.t.JMeterThread: Thread started: Thread Group 1-2
2022-11-09 14:18:59,953 INFO o.a.j.t.JMeterThread: Thread started: Thread Group 1-3
2022-11-09 14:19:00,154 INFO o.a.j.t.JMeterThread: Thread started: Thread Group 1-4
2022-11-09 14:19:00,340 INFO o.a.j.t.JMeterThread: Thread started: Thread Group 1-5
2022-11-09 14:19:00,849 INFO o.a.j.t.JMeterThread: Thread is done: Thread Group 1-5
2022-11-09 14:19:00,849 INFO o.a.j.t.JMeterThread: Thread finished: Thread Group 1-5
2022-11-09 14:19:02,368 INFO o.a.j.t.JMeterThread: Thread is done: Thread Group 1-2
2022-11-09 14:19:02,368 INFO o.a.j.t.JMeterThread: Thread finished: Thread Group 1-2
2022-11-09 14:19:03,201 INFO o.a.j.t.JMeterThread: Thread is done: Thread Group 1-1
2022-11-09 14:19:03,201 INFO o.a.j.t.JMeterThread: Thread finished: Thread Group 1-1
2022-11-09 14:19:03,273 INFO o.a.j.t.JMeterThread: Thread is done: Thread Group 1-4
2022-11-09 14:19:03,274 INFO o.a.j.t.JMeterThread: Thread finished: Thread Group 1-4
2022-11-09 14:19:03,512 INFO o.a.j.t.JMeterThread: Thread is done: Thread Group 1-3
2022-11-09 14:19:03,512 INFO o.a.j.t.JMeterThread: Thread finished: Thread Group 1-3
2022-11-09 14:19:03,512 INFO o.a.j.e.StandardJMeterEngine: Notifying test listeners of end of test
2022-11-09 14:19:03,512 INFO o.a.j.g.u.JMeterMenuBar: setRunning(false, *local*)
2022-11-09 14:19:16,591 INFO o.a.j.e.StandardJMeterEngine: Running the test!
2022-11-09 14:19:16,591 INFO o.a.j.s.SampleEvent: List of sample_variables: []
2022-11-09 14:19:16,592 INFO o.a.j.g.u.JMeterMenuBar: setRunning(true, *local*)
2022-11-09 14:19:16,628 INFO o.a.j.e.StandardJMeterEngine: Starting ThreadGroup: 1 : Thread Group
2022-11-09 14:19:16,629 INFO o.a.j.e.StandardJMeterEngine: Starting 5 threads for group Thread Group.
2022-11-09 14:19:16,629 INFO o.a.j.e.StandardJMeterEngine: Thread will continue on error
2022-11-09 14:19:16,629 INFO o.a.j.t.ThreadGroup: Starting thread group... number=1 threads=5 ramp-up=1 delayedStart=false
2022-11-09 14:19:16,629 INFO o.a.j.t.JMeterThread: Thread started: Thread Group 1-1
2022-11-09 14:19:16,629 INFO o.a.j.t.ThreadGroup: Started thread group number 1
2022-11-09 14:19:16,629 INFO o.a.j.e.StandardJMeterEngine: All thread groups have been started
2022-11-09 14:19:16,840 INFO o.a.j.t.JMeterThread: Thread started: Thread Group 1-2
2022-11-09 14:19:17,042 INFO o.a.j.t.JMeterThread: Thread started: Thread Group 1-3
2022-11-09 14:19:17,244 INFO o.a.j.t.JMeterThread: Thread started: Thread Group 1-4
2022-11-09 14:19:17,444 INFO o.a.j.t.JMeterThread: Thread started: Thread Group 1-5
2022-11-09 14:19:19,224 INFO o.a.j.t.JMeterThread: Thread is done: Thread Group 1-2
2022-11-09 14:19:19,224 INFO o.a.j.t.JMeterThread: Thread finished: Thread Group 1-2
2022-11-09 14:19:20,274 INFO o.a.j.t.JMeterThread: Thread is done: Thread Group 1-3
2022-11-09 14:19:20,274 INFO o.a.j.t.JMeterThread: Thread finished: Thread Group 1-3
2022-11-09 14:19:20,723 INFO o.a.j.t.JMeterThread: Thread is done: Thread Group 1-1
2022-11-09 14:19:20,723 INFO o.a.j.t.JMeterThread: Thread finished: Thread Group 1-1
2022-11-09 14:19:21,167 INFO o.a.j.t.JMeterThread: Thread is done: Thread Group 1-5
2022-11-09 14:19:21,167 INFO o.a.j.t.JMeterThread: Thread finished: Thread Group 1-5
2022-11-09 14:19:21,685 INFO o.a.j.t.JMeterThread: Thread is done: Thread Group 1-4
2022-11-09 14:19:21,685 INFO o.a.j.t.JMeterThread: Thread finished: Thread Group 1-4
2022-11-09 14:19:21,685 INFO o.a.j.e.StandardJMeterEngine: Notifying test listeners of end of test
2022-11-09 14:19:21,685 INFO o.a.j.g.u.JMeterMenuBar: setRunning(false, *local*)
2022-11-09 14:20:26,786 INFO o.a.j.e.StandardJMeterEngine: Running the test!
2022-11-09 14:20:26,788 INFO o.a.j.s.SampleEvent: List of sample_variables: []
2022-11-09 14:20:26,789 INFO o.a.j.g.u.JMeterMenuBar: setRunning(true, *local*)
2022-11-09 14:20:26,824 INFO o.a.j.e.StandardJMeterEngine: Starting ThreadGroup: 1 : Thread Group
2022-11-09 14:20:26,824 INFO o.a.j.e.StandardJMeterEngine: Starting 3 threads for group Thread Group.
2022-11-09 14:20:26,824 INFO o.a.j.e.StandardJMeterEngine: Thread will continue on error
2022-11-09 14:20:26,824 INFO o.a.j.t.ThreadGroup: Starting thread group... number=1 threads=3 ramp-up=1 delayedStart=false
2022-11-09 14:20:26,825 INFO o.a.j.t.ThreadGroup: Started thread group number 1
2022-11-09 14:20:26,825 INFO o.a.j.e.StandardJMeterEngine: All thread groups have been started
2022-11-09 14:20:26,825 INFO o.a.j.t.JMeterThread: Thread started: Thread Group 1-1
2022-11-09 14:20:27,158 INFO o.a.j.t.JMeterThread: Thread started: Thread Group 1-2
2022-11-09 14:20:27,492 INFO o.a.j.t.JMeterThread: Thread started: Thread Group 1-3
2022-11-09 14:20:30,665 INFO o.a.j.t.JMeterThread: Thread is done: Thread Group 1-1
2022-11-09 14:20:30,666 INFO o.a.j.t.JMeterThread: Thread finished: Thread Group 1-1
2022-11-09 14:20:30,753 INFO o.a.j.t.JMeterThread: Thread is done: Thread Group 1-3
2022-11-09 14:20:30,754 INFO o.a.j.t.JMeterThread: Thread finished: Thread Group 1-3
2022-11-09 14:20:30,896 INFO o.a.j.t.JMeterThread: Thread is done: Thread Group 1-2
2022-11-09 14:20:30,896 INFO o.a.j.t.JMeterThread: Thread finished: Thread Group 1-2
2022-11-09 14:20:30,896 INFO o.a.j.e.StandardJMeterEngine: Notifying test listeners of end of test
2022-11-09 14:20:30,897 INFO o.a.j.g.u.JMeterMenuBar: setRunning(false, *local*)
2022-11-09 14:20:46,062 INFO o.a.j.e.StandardJMeterEngine: Running the test!
2022-11-09 14:20:46,062 INFO o.a.j.s.SampleEvent: List of sample_variables: []
2022-11-09 14:20:46,063 INFO o.a.j.g.u.JMeterMenuBar: setRunning(true, *local*)
2022-11-09 14:20:46,097 INFO o.a.j.e.StandardJMeterEngine: Starting ThreadGroup: 1 : Thread Group
2022-11-09 14:20:46,097 INFO o.a.j.e.StandardJMeterEngine: Starting 2 threads for group Thread Group.
2022-11-09 14:20:46,097 INFO o.a.j.e.StandardJMeterEngine: Thread will continue on error
2022-11-09 14:20:46,097 INFO o.a.j.t.ThreadGroup: Starting thread group... number=1 threads=2 ramp-up=1 delayedStart=false
2022-11-09 14:20:46,098 INFO o.a.j.t.ThreadGroup: Started thread group number 1
2022-11-09 14:20:46,098 INFO o.a.j.e.StandardJMeterEngine: All thread groups have been started
2022-11-09 14:20:46,098 INFO o.a.j.t.JMeterThread: Thread started: Thread Group 1-1
2022-11-09 14:20:46,605 INFO o.a.j.t.JMeterThread: Thread started: Thread Group 1-2
2022-11-09 14:20:49,393 INFO o.a.j.t.JMeterThread: Thread is done: Thread Group 1-1
2022-11-09 14:20:49,393 INFO o.a.j.t.JMeterThread: Thread finished: Thread Group 1-1
2022-11-09 14:20:50,063 INFO o.a.j.t.JMeterThread: Thread is done: Thread Group 1-2
2022-11-09 14:20:50,063 INFO o.a.j.t.JMeterThread: Thread finished: Thread Group 1-2
2022-11-09 14:20:50,063 INFO o.a.j.e.StandardJMeterEngine: Notifying test listeners of end of test
2022-11-09 14:20:50,063 INFO o.a.j.g.u.JMeterMenuBar: setRunning(false, *local*)
2022-11-09 14:20:52,050 INFO o.a.j.e.StandardJMeterEngine: Running the test!
2022-11-09 14:20:52,050 INFO o.a.j.s.SampleEvent: List of sample_variables: []
2022-11-09 14:20:52,051 INFO o.a.j.g.u.JMeterMenuBar: setRunning(true, *local*)
2022-11-09 14:20:52,084 INFO o.a.j.e.StandardJMeterEngine: Starting ThreadGroup: 1 : Thread Group
2022-11-09 14:20:52,084 INFO o.a.j.e.StandardJMeterEngine: Starting 2 threads for group Thread Group.
2022-11-09 14:20:52,084 INFO o.a.j.e.StandardJMeterEngine: Thread will continue on error
2022-11-09 14:20:52,084 INFO o.a.j.t.ThreadGroup: Starting thread group... number=1 threads=2 ramp-up=1 delayedStart=false
2022-11-09 14:20:52,084 INFO o.a.j.t.ThreadGroup: Started thread group number 1
2022-11-09 14:20:52,084 INFO o.a.j.e.StandardJMeterEngine: All thread groups have been started
2022-11-09 14:20:52,084 INFO o.a.j.t.JMeterThread: Thread started: Thread Group 1-1
2022-11-09 14:20:52,592 INFO o.a.j.t.JMeterThread: Thread started: Thread Group 1-2
2022-11-09 14:20:55,484 INFO o.a.j.t.JMeterThread: Thread is done: Thread Group 1-1
2022-11-09 14:20:55,484 INFO o.a.j.t.JMeterThread: Thread finished: Thread Group 1-1
2022-11-09 14:20:56,441 INFO o.a.j.t.JMeterThread: Thread is done: Thread Group 1-2
2022-11-09 14:20:56,441 INFO o.a.j.t.JMeterThread: Thread finished: Thread Group 1-2
2022-11-09 14:20:56,441 INFO o.a.j.e.StandardJMeterEngine: Notifying test listeners of end of test
2022-11-09 14:20:56,442 INFO o.a.j.g.u.JMeterMenuBar: setRunning(false, *local*)
2022-11-09 14:21:43,906 INFO o.a.j.e.StandardJMeterEngine: Running the test!
2022-11-09 14:21:43,906 INFO o.a.j.s.SampleEvent: List of sample_variables: []
2022-11-09 14:21:43,908 INFO o.a.j.g.u.JMeterMenuBar: setRunning(true, *local*)
2022-11-09 14:21:43,941 INFO o.a.j.e.StandardJMeterEngine: Starting ThreadGroup: 1 : Thread Group
2022-11-09 14:21:43,941 INFO o.a.j.e.StandardJMeterEngine: Starting 1 threads for group Thread Group.
2022-11-09 14:21:43,941 INFO o.a.j.e.StandardJMeterEngine: Thread will continue on error
2022-11-09 14:21:43,941 INFO o.a.j.t.ThreadGroup: Starting thread group... number=1 threads=1 ramp-up=1 delayedStart=false
2022-11-09 14:21:43,942 INFO o.a.j.t.ThreadGroup: Started thread group number 1
2022-11-09 14:21:43,942 INFO o.a.j.e.StandardJMeterEngine: All thread groups have been started
2022-11-09 14:21:43,942 INFO o.a.j.t.JMeterThread: Thread started: Thread Group 1-1
2022-11-09 14:21:48,089 INFO o.a.j.t.JMeterThread: Thread is done: Thread Group 1-1
2022-11-09 14:21:48,089 INFO o.a.j.t.JMeterThread: Thread finished: Thread Group 1-1
2022-11-09 14:21:48,089 INFO o.a.j.e.StandardJMeterEngine: Notifying test listeners of end of test
2022-11-09 14:21:48,090 INFO o.a.j.g.u.JMeterMenuBar: setRunning(false, *local*)
2022-11-09 14:23:14,069 INFO o.a.j.e.StandardJMeterEngine: Running the test!
2022-11-09 14:23:14,069 INFO o.a.j.s.SampleEvent: List of sample_variables: []
2022-11-09 14:23:14,070 INFO o.a.j.g.u.JMeterMenuBar: setRunning(true, *local*)
2022-11-09 14:23:14,103 INFO o.a.j.e.StandardJMeterEngine: Starting ThreadGroup: 1 : Thread Group
2022-11-09 14:23:14,104 INFO o.a.j.e.StandardJMeterEngine: Starting 1 threads for group Thread Group.
2022-11-09 14:23:14,104 INFO o.a.j.e.StandardJMeterEngine: Thread will continue on error
2022-11-09 14:23:14,104 INFO o.a.j.t.ThreadGroup: Starting thread group... number=1 threads=1 ramp-up=1 delayedStart=false
2022-11-09 14:23:14,104 INFO o.a.j.t.ThreadGroup: Started thread group number 1
2022-11-09 14:23:14,104 INFO o.a.j.e.StandardJMeterEngine: All thread groups have been started
2022-11-09 14:23:14,104 INFO o.a.j.t.JMeterThread: Thread started: Thread Group 1-1
2022-11-09 14:23:17,814 INFO o.a.j.t.JMeterThread: Thread is done: Thread Group 1-1
2022-11-09 14:23:17,814 INFO o.a.j.t.JMeterThread: Thread finished: Thread Group 1-1
2022-11-09 14:23:17,815 INFO o.a.j.e.StandardJMeterEngine: Notifying test listeners of end of test
2022-11-09 14:23:17,815 INFO o.a.j.g.u.JMeterMenuBar: setRunning(false, *local*)
